# JRE version: OpenJDK Runtime Environment Temurin-21.0.8+9 (21.0.8+9) (build 21.0.8+9-LTS)
# Java VM: OpenJDK 64-Bit Server VM Temurin-21.0.8+9 (21.0.8+9-LTS, mixed mode, sharing, tiered, compressed oops, compressed class ptrs, parallel gc, windows-amd64)
GC Precious Log:
 CardTable entry size: 512
 CPUs: 6 total, 6 available
 Memory: 16319M
 Large Page Support: Disabled
 NUMA Support: Disabled
 Compressed Oops: Enabled (32-bit)
 Alignments: Space 512K, Generation 512K, Heap 2M
 Heap Min Capacity: 100M
 Heap Initial Capacity: 100M
 Heap Max Capacity: 2G
 Pre-touch: Disabled
 Parallel Workers: 6
Heap:
 PSYoungGen      total 22016K, used 15384K [0x00000000d5580000, 0x00000000d7400000, 0x0000000100000000)
  eden space 20480K, 67% used [0x00000000d5580000,0x00000000d63084f8,0x00000000d6980000)
  from space 1536K, 99% used [0x00000000d6e00000,0x00000000d6f7de80,0x00000000d6f80000)
  to   space 4608K, 0% used [0x00000000d6980000,0x00000000d6980000,0x00000000d6e00000)
 ParOldGen       total 68608K, used 22096K [0x0000000080000000, 0x0000000084300000, 0x00000000d5580000)
  object space 68608K, 32% used [0x0000000080000000,0x00000000815940e8,0x0000000084300000)
 Metaspace       used 37596K, committed 38848K, reserved 1114112K
  class space    used 3921K, committed 4480K, reserved 1048576K
GC Heap History (20 events):
Event: 3.762 GC heap before
{Heap before GC invocations=7 (full 0):
 PSYoungGen      total 29696K, used 18701K [0x00000000d5580000, 0x00000000d7980000, 0x0000000100000000)
  eden space 24576K, 56% used [0x00000000d5580000,0x00000000d630d850,0x00000000d6d80000)
  from space 5120K, 94% used [0x00000000d7480000,0x00000000d7935f98,0x00000000d7980000)
  to   space 5632K, 0% used [0x00000000d6e80000,0x00000000d6e80000,0x00000000d7400000)
 ParOldGen       total 68608K, used 8612K [0x0000000080000000, 0x0000000084300000, 0x00000000d5580000)
  object space 68608K, 12% used [0x0000000080000000,0x0000000080869300,0x0000000084300000)
 Metaspace       used 20524K, committed 21504K, reserved 1114112K
  class space    used 2201K, committed 2624K, reserved 1048576K
}
Event: 3.765 GC heap after
{Heap after GC invocations=7 (full 0):
 PSYoungGen      total 28672K, used 4041K [0x00000000d5580000, 0x00000000d7680000, 0x0000000100000000)
  eden space 24576K, 0% used [0x00000000d5580000,0x00000000d5580000,0x00000000d6d80000)
  from space 4096K, 98% used [0x00000000d6e80000,0x00000000d72724f0,0x00000000d7280000)
  to   space 4096K, 0% used [0x00000000d7280000,0x00000000d7280000,0x00000000d7680000)
 ParOldGen       total 68608K, used 9942K [0x0000000080000000, 0x0000000084300000, 0x00000000d5580000)
  object space 68608K, 14% used [0x0000000080000000,0x00000000809b5ba0,0x0000000084300000)
 Metaspace       used 20524K, committed 21504K, reserved 1114112K
  class space    used 2201K, committed 2624K, reserved 1048576K
}
Event: 3.765 GC heap before
{Heap before GC invocations=8 (full 1):
 PSYoungGen      total 28672K, used 4041K [0x00000000d5580000, 0x00000000d7680000, 0x0000000100000000)
  eden space 24576K, 0% used [0x00000000d5580000,0x00000000d5580000,0x00000000d6d80000)
  from space 4096K, 98% used [0x00000000d6e80000,0x00000000d72724f0,0x00000000d7280000)
  to   space 4096K, 0% used [0x00000000d7280000,0x00000000d7280000,0x00000000d7680000)
 ParOldGen       total 68608K, used 9942K [0x0000000080000000, 0x0000000084300000, 0x00000000d5580000)
  object space 68608K, 14% used [0x0000000080000000,0x00000000809b5ba0,0x0000000084300000)
 Metaspace       used 20524K, committed 21504K, reserved 1114112K
  class space    used 2201K, committed 2624K, reserved 1048576K
}
Event: 3.794 GC heap after
{Heap after GC invocations=8 (full 1):
 PSYoungGen      total 28672K, used 0K [0x00000000d5580000, 0x00000000d7680000, 0x0000000100000000)
  eden space 24576K, 0% used [0x00000000d5580000,0x00000000d5580000,0x00000000d6d80000)
  from space 4096K, 0% used [0x00000000d6e80000,0x00000000d6e80000,0x00000000d7280000)
  to   space 4096K, 0% used [0x00000000d7280000,0x00000000d7280000,0x00000000d7680000)
 ParOldGen       total 68608K, used 13293K [0x0000000080000000, 0x0000000084300000, 0x00000000d5580000)
  object space 68608K, 19% used [0x0000000080000000,0x0000000080cfb6e0,0x0000000084300000)
 Metaspace       used 20511K, committed 21504K, reserved 1114112K
  class space    used 2197K, committed 2624K, reserved 1048576K
}
Event: 4.029 GC heap before
{Heap before GC invocations=9 (full 1):
 PSYoungGen      total 28672K, used 24576K [0x00000000d5580000, 0x00000000d7680000, 0x0000000100000000)
  eden space 24576K, 100% used [0x00000000d5580000,0x00000000d6d80000,0x00000000d6d80000)
  from space 4096K, 0% used [0x00000000d6e80000,0x00000000d6e80000,0x00000000d7280000)
  to   space 4096K, 0% used [0x00000000d7280000,0x00000000d7280000,0x00000000d7680000)
 ParOldGen       total 68608K, used 13293K [0x0000000080000000, 0x0000000084300000, 0x00000000d5580000)
  object space 68608K, 19% used [0x0000000080000000,0x0000000080cfb6e0,0x0000000084300000)
 Metaspace       used 22618K, committed 23616K, reserved 1114112K
  class space    used 2389K, committed 2816K, reserved 1048576K
}
Event: 4.030 GC heap after
{Heap after GC invocations=9 (full 1):
 PSYoungGen      total 25088K, used 837K [0x00000000d5580000, 0x00000000d7380000, 0x0000000100000000)
  eden space 24064K, 0% used [0x00000000d5580000,0x00000000d5580000,0x00000000d6d00000)
  from space 1024K, 81% used [0x00000000d7280000,0x00000000d7351650,0x00000000d7380000)
  to   space 2560K, 0% used [0x00000000d6e80000,0x00000000d6e80000,0x00000000d7100000)
 ParOldGen       total 68608K, used 13301K [0x0000000080000000, 0x0000000084300000, 0x00000000d5580000)
  object space 68608K, 19% used [0x0000000080000000,0x0000000080cfd6e0,0x0000000084300000)
 Metaspace       used 22618K, committed 23616K, reserved 1114112K
  class space    used 2389K, committed 2816K, reserved 1048576K
}
Event: 4.199 GC heap before
{Heap before GC invocations=10 (full 1):
 PSYoungGen      total 25088K, used 24901K [0x00000000d5580000, 0x00000000d7380000, 0x0000000100000000)
  eden space 24064K, 100% used [0x00000000d5580000,0x00000000d6d00000,0x00000000d6d00000)
  from space 1024K, 81% used [0x00000000d7280000,0x00000000d7351650,0x00000000d7380000)
  to   space 2560K, 0% used [0x00000000d6e80000,0x00000000d6e80000,0x00000000d7100000)
 ParOldGen       total 68608K, used 13301K [0x0000000080000000, 0x0000000084300000, 0x00000000d5580000)
  object space 68608K, 19% used [0x0000000080000000,0x0000000080cfd6e0,0x0000000084300000)
 Metaspace       used 26337K, committed 27392K, reserved 1114112K
  class space    used 2660K, committed 3072K, reserved 1048576K
}
Event: 4.199 GC heap after
{Heap after GC invocations=10 (full 1):
 PSYoungGen      total 26112K, used 965K [0x00000000d5580000, 0x00000000d7300000, 0x0000000100000000)
  eden space 23552K, 0% used [0x00000000d5580000,0x00000000d5580000,0x00000000d6c80000)
  from space 2560K, 37% used [0x00000000d6e80000,0x00000000d6f71650,0x00000000d7100000)
  to   space 1536K, 0% used [0x00000000d7180000,0x00000000d7180000,0x00000000d7300000)
 ParOldGen       total 68608K, used 13309K [0x0000000080000000, 0x0000000084300000, 0x00000000d5580000)
  object space 68608K, 19% used [0x0000000080000000,0x0000000080cff6e0,0x0000000084300000)
 Metaspace       used 26337K, committed 27392K, reserved 1114112K
  class space    used 2660K, committed 3072K, reserved 1048576K
}
Event: 4.442 GC heap before
{Heap before GC invocations=11 (full 1):
 PSYoungGen      total 26112K, used 24517K [0x00000000d5580000, 0x00000000d7300000, 0x0000000100000000)
  eden space 23552K, 100% used [0x00000000d5580000,0x00000000d6c80000,0x00000000d6c80000)
  from space 2560K, 37% used [0x00000000d6e80000,0x00000000d6f71650,0x00000000d7100000)
  to   space 1536K, 0% used [0x00000000d7180000,0x00000000d7180000,0x00000000d7300000)
 ParOldGen       total 68608K, used 13309K [0x0000000080000000, 0x0000000084300000, 0x00000000d5580000)
  object space 68608K, 19% used [0x0000000080000000,0x0000000080cff6e0,0x0000000084300000)
 Metaspace       used 27809K, committed 28864K, reserved 1114112K
  class space    used 2765K, committed 3200K, reserved 1048576K
}
Event: 4.445 GC heap after
{Heap after GC invocations=11 (full 1):
 PSYoungGen      total 24576K, used 1531K [0x00000000d5580000, 0x00000000d7400000, 0x0000000100000000)
  eden space 23040K, 0% used [0x00000000d5580000,0x00000000d5580000,0x00000000d6c00000)
  from space 1536K, 99% used [0x00000000d7180000,0x00000000d72feda0,0x00000000d7300000)
  to   space 4096K, 0% used [0x00000000d6c00000,0x00000000d6c00000,0x00000000d7000000)
 ParOldGen       total 68608K, used 15025K [0x0000000080000000, 0x0000000084300000, 0x00000000d5580000)
  object space 68608K, 21% used [0x0000000080000000,0x0000000080eac4c8,0x0000000084300000)
 Metaspace       used 27809K, committed 28864K, reserved 1114112K
  class space    used 2765K, committed 3200K, reserved 1048576K
}
Event: 4.909 GC heap before
{Heap before GC invocations=12 (full 1):
 PSYoungGen      total 24576K, used 24396K [0x00000000d5580000, 0x00000000d7400000, 0x0000000100000000)
  eden space 23040K, 99% used [0x00000000d5580000,0x00000000d6bd4440,0x00000000d6c00000)
  from space 1536K, 99% used [0x00000000d7180000,0x00000000d72feda0,0x00000000d7300000)
  to   space 4096K, 0% used [0x00000000d6c00000,0x00000000d6c00000,0x00000000d7000000)
 ParOldGen       total 68608K, used 15025K [0x0000000080000000, 0x0000000084300000, 0x00000000d5580000)
  object space 68608K, 21% used [0x0000000080000000,0x0000000080eac4c8,0x0000000084300000)
 Metaspace       used 31196K, committed 32384K, reserved 1114112K
  class space    used 3120K, committed 3648K, reserved 1048576K
}
Event: 4.913 GC heap after
{Heap after GC invocations=12 (full 1):
 PSYoungGen      total 25088K, used 2206K [0x00000000d5580000, 0x00000000d7200000, 0x0000000100000000)
  eden space 22528K, 0% used [0x00000000d5580000,0x00000000d5580000,0x00000000d6b80000)
  from space 2560K, 86% used [0x00000000d6c00000,0x00000000d6e279b8,0x00000000d6e80000)
  to   space 3072K, 0% used [0x00000000d6f00000,0x00000000d6f00000,0x00000000d7200000)
 ParOldGen       total 68608K, used 16564K [0x0000000080000000, 0x0000000084300000, 0x00000000d5580000)
  object space 68608K, 24% used [0x0000000080000000,0x000000008102d2d8,0x0000000084300000)
 Metaspace       used 31196K, committed 32384K, reserved 1114112K
  class space    used 3120K, committed 3648K, reserved 1048576K
}
Event: 5.092 GC heap before
{Heap before GC invocations=13 (full 1):
 PSYoungGen      total 25088K, used 24734K [0x00000000d5580000, 0x00000000d7200000, 0x0000000100000000)
  eden space 22528K, 100% used [0x00000000d5580000,0x00000000d6b80000,0x00000000d6b80000)
  from space 2560K, 86% used [0x00000000d6c00000,0x00000000d6e279b8,0x00000000d6e80000)
  to   space 3072K, 0% used [0x00000000d6f00000,0x00000000d6f00000,0x00000000d7200000)
 ParOldGen       total 68608K, used 16564K [0x0000000080000000, 0x0000000084300000, 0x00000000d5580000)
  object space 68608K, 24% used [0x0000000080000000,0x000000008102d2d8,0x0000000084300000)
 Metaspace       used 33951K, committed 35136K, reserved 1114112K
  class space    used 3459K, committed 3968K, reserved 1048576K
}
Event: 5.096 GC heap after
{Heap after GC invocations=13 (full 1):
 PSYoungGen      total 24576K, used 2051K [0x00000000d5580000, 0x00000000d7180000, 0x0000000100000000)
  eden space 22016K, 0% used [0x00000000d5580000,0x00000000d5580000,0x00000000d6b00000)
  from space 2560K, 80% used [0x00000000d6f00000,0x00000000d7100e98,0x00000000d7180000)
  to   space 2560K, 0% used [0x00000000d6c80000,0x00000000d6c80000,0x00000000d6f00000)
 ParOldGen       total 68608K, used 18643K [0x0000000080000000, 0x0000000084300000, 0x00000000d5580000)
  object space 68608K, 27% used [0x0000000080000000,0x0000000081234df0,0x0000000084300000)
 Metaspace       used 33951K, committed 35136K, reserved 1114112K
  class space    used 3459K, committed 3968K, reserved 1048576K
}
Event: 5.183 GC heap before
{Heap before GC invocations=14 (full 1):
 PSYoungGen      total 24576K, used 9613K [0x00000000d5580000, 0x00000000d7180000, 0x0000000100000000)
  eden space 22016K, 34% used [0x00000000d5580000,0x00000000d5ce2680,0x00000000d6b00000)
  from space 2560K, 80% used [0x00000000d6f00000,0x00000000d7100e98,0x00000000d7180000)
  to   space 2560K, 0% used [0x00000000d6c80000,0x00000000d6c80000,0x00000000d6f00000)
 ParOldGen       total 68608K, used 18643K [0x0000000080000000, 0x0000000084300000, 0x00000000d5580000)
  object space 68608K, 27% used [0x0000000080000000,0x0000000081234df0,0x0000000084300000)
 Metaspace       used 34638K, committed 35840K, reserved 1114112K
  class space    used 3544K, committed 4096K, reserved 1048576K
}
Event: 5.185 GC heap after
{Heap after GC invocations=14 (full 1):
 PSYoungGen      total 23040K, used 608K [0x00000000d5580000, 0x00000000d6f80000, 0x0000000100000000)
  eden space 22016K, 0% used [0x00000000d5580000,0x00000000d5580000,0x00000000d6b00000)
  from space 1024K, 59% used [0x00000000d6c80000,0x00000000d6d18000,0x00000000d6d80000)
  to   space 1536K, 0% used [0x00000000d6e00000,0x00000000d6e00000,0x00000000d6f80000)
 ParOldGen       total 68608K, used 20465K [0x0000000080000000, 0x0000000084300000, 0x00000000d5580000)
  object space 68608K, 29% used [0x0000000080000000,0x00000000813fc620,0x0000000084300000)
 Metaspace       used 34638K, committed 35840K, reserved 1114112K
  class space    used 3544K, committed 4096K, reserved 1048576K
}
Event: 5.185 GC heap before
{Heap before GC invocations=15 (full 2):
 PSYoungGen      total 23040K, used 608K [0x00000000d5580000, 0x00000000d6f80000, 0x0000000100000000)
  eden space 22016K, 0% used [0x00000000d5580000,0x00000000d5580000,0x00000000d6b00000)
  from space 1024K, 59% used [0x00000000d6c80000,0x00000000d6d18000,0x00000000d6d80000)
  to   space 1536K, 0% used [0x00000000d6e00000,0x00000000d6e00000,0x00000000d6f80000)
 ParOldGen       total 68608K, used 20465K [0x0000000080000000, 0x0000000084300000, 0x00000000d5580000)
  object space 68608K, 29% used [0x0000000080000000,0x00000000813fc620,0x0000000084300000)
 Metaspace       used 34638K, committed 35840K, reserved 1114112K
  class space    used 3544K, committed 4096K, reserved 1048576K
}
Event: 5.218 GC heap after
{Heap after GC invocations=15 (full 2):
 PSYoungGen      total 23040K, used 0K [0x00000000d5580000, 0x00000000d6f80000, 0x0000000100000000)
  eden space 22016K, 0% used [0x00000000d5580000,0x00000000d5580000,0x00000000d6b00000)
  from space 1024K, 0% used [0x00000000d6c80000,0x00000000d6c80000,0x00000000d6d80000)
  to   space 1536K, 0% used [0x00000000d6e00000,0x00000000d6e00000,0x00000000d6f80000)
 ParOldGen       total 68608K, used 19968K [0x0000000080000000, 0x0000000084300000, 0x00000000d5580000)
  object space 68608K, 29% used [0x0000000080000000,0x00000000813800e8,0x0000000084300000)
 Metaspace       used 34638K, committed 35840K, reserved 1114112K
  class space    used 3544K, committed 4096K, reserved 1048576K
}
Event: 5.463 GC heap before
{Heap before GC invocations=16 (full 2):
 PSYoungGen      total 23040K, used 22016K [0x00000000d5580000, 0x00000000d6f80000, 0x0000000100000000)
  eden space 22016K, 100% used [0x00000000d5580000,0x00000000d6b00000,0x00000000d6b00000)
  from space 1024K, 0% used [0x00000000d6c80000,0x00000000d6c80000,0x00000000d6d80000)
  to   space 1536K, 0% used [0x00000000d6e00000,0x00000000d6e00000,0x00000000d6f80000)
 ParOldGen       total 68608K, used 19968K [0x0000000080000000, 0x0000000084300000, 0x00000000d5580000)
  object space 68608K, 29% used [0x0000000080000000,0x00000000813800e8,0x0000000084300000)
 Metaspace       used 36378K, committed 37632K, reserved 1114112K
  class space    used 3749K, committed 4352K, reserved 1048576K
}
Event: 5.467 GC heap after
{Heap after GC invocations=16 (full 2):
 PSYoungGen      total 22016K, used 1527K [0x00000000d5580000, 0x00000000d7400000, 0x0000000100000000)
  eden space 20480K, 0% used [0x00000000d5580000,0x00000000d5580000,0x00000000d6980000)
  from space 1536K, 99% used [0x00000000d6e00000,0x00000000d6f7de80,0x00000000d6f80000)
  to   space 4608K, 0% used [0x00000000d6980000,0x00000000d6980000,0x00000000d6e00000)
 ParOldGen       total 68608K, used 22096K [0x0000000080000000, 0x0000000084300000, 0x00000000d5580000)
  object space 68608K, 32% used [0x0000000080000000,0x00000000815940e8,0x0000000084300000)
 Metaspace       used 36378K, committed 37632K, reserved 1114112K
  class space    used 3749K, committed 4352K, reserved 1048576K
}

